\BOOKMARK [0][-]{section*.5}{LIST OF TABLES}{}% 1
\BOOKMARK [0][-]{section*.6}{LIST OF FIGURES}{}% 2
\BOOKMARK [0][-]{chapter.1}{INTRODUCTION}{}% 3
\BOOKMARK [1][-]{section.1.1}{Properties that change with time}{chapter.1}% 4
\BOOKMARK [0][-]{chapter.2}{LITERATURE REVIEW}{}% 5
\BOOKMARK [1][-]{section.2.1}{Cumulative Damage}{chapter.2}% 6
\BOOKMARK [1][-]{section.2.2}{Corrosion}{chapter.2}% 7
\BOOKMARK [2][-]{subsection.2.2.1}{Time to Corrosion}{section.2.2}% 8
\BOOKMARK [2][-]{subsection.2.2.2}{Rate of corrosion}{section.2.2}% 9
\BOOKMARK [2][-]{subsection.2.2.3}{Corrosion modified properties of reinforcing steel bars}{section.2.2}% 10
\BOOKMARK [2][-]{subsection.2.2.4}{Corrosion modified properties of reinforcing steel bars}{section.2.2}% 11
\BOOKMARK [1][-]{section.2.3}{Steel Strain Aging}{chapter.2}% 12
\BOOKMARK [2][-]{subsection.2.3.1}{Metallurgical Process}{section.2.3}% 13
\BOOKMARK [2][-]{subsection.2.3.2}{Strain aging effects in structures}{section.2.3}% 14
\BOOKMARK [1][-]{section.2.4}{Concrete Strength}{chapter.2}% 15
\BOOKMARK [1][-]{section.2.5}{Welding and Fatigue in Steel Structures}{chapter.2}% 16
\BOOKMARK [1][-]{section.2.6}{Repair Effects}{chapter.2}% 17
\BOOKMARK [1][-]{section.2.7}{Multiple Seismic Events}{chapter.2}% 18
\BOOKMARK [2][-]{subsection.2.7.1}{Main Shock Series}{section.2.7}% 19
\BOOKMARK [2][-]{subsection.2.7.2}{Main Shock - After Shock Series}{section.2.7}% 20
\BOOKMARK [2][-]{subsection.2.7.3}{Main Shock - After Shock Series - Repair Series}{section.2.7}% 21
\BOOKMARK [0][-]{section*.10}{Bibliography}{}% 22
\BOOKMARK [0][-]{chapter*.12}{APPENDIX}{}% 23
\BOOKMARK [0][-]{appendix.A}{LOREM IPSUM}{}% 24
\BOOKMARK [1][-]{section.A.1}{A First Section}{appendix.A}% 25
\BOOKMARK [1][-]{section.A.2}{A Second Section}{appendix.A}% 26
