This is pdfTeX, Version 3.14159265-2.6-1.40.18 (MiKTeX 2.9.6600 64-bit) (preloaded format=pdflatex 2018.5.22)  9 MAR 2020 17:30
entering extended mode
**./VictorCalderon-thesis.tex
(VictorCalderon-thesis.tex
LaTeX2e <2017-04-15>
Babel <3.17> and hyphenation patterns for 75 language(s) loaded.
(ncsuthesis.cls
Document Class: ncsuthesis 2012/01/26 v0.4 NC State ETD conformant thesis class

("C:\Program Files\MiKTeX 2.9\tex\latex\base\book.cls"
Document Class: book 2014/09/29 v1.4h Standard LaTeX document class
("C:\Program Files\MiKTeX 2.9\tex\latex\base\bk11.clo"
File: bk11.clo 2014/09/29 v1.4h Standard LaTeX file (size option)
)
\c@part=\count79
\c@chapter=\count80
\c@section=\count81
\c@subsection=\count82
\c@subsubsection=\count83
\c@paragraph=\count84
\c@subparagraph=\count85
\c@figure=\count86
\c@table=\count87
\abovecaptionskip=\skip41
\belowcaptionskip=\skip42
\bibindent=\dimen102
)
(C:\Users\vacalder\AppData\Roaming\MiKTeX\2.9\tex\latex\setspace\setspace.sty
Package: setspace 2011/12/19 v6.7a set line spacing
)
(C:\Users\vacalder\AppData\Roaming\MiKTeX\2.9\tex\latex\hyphenat\hyphenat.sty
Package: hyphenat 2009/09/02 v2.3c hyphenation utilities
\langwohyphens=\language76
LaTeX Info: Redefining \_ on input line 43.
)
(C:\Users\vacalder\AppData\Roaming\MiKTeX\2.9\tex\latex\nolbreaks\nolbreaks.sty
Package: nolbreaks 2012/05/31  v 1.2  - no linebreaks in text
\nb@counter=\count88
\nb@RestHyph=\toks14
) ("C:\Program Files\MiKTeX 2.9\tex\latex\base\ifthen.sty"
Package: ifthen 2014/09/29 v1.1c Standard LaTeX ifthen package (DPC)
)
(C:\Users\vacalder\AppData\Roaming\MiKTeX\2.9\tex\latex\sectsty\sectsty.sty
Package: sectsty 2002/02/25 v2.0.2 Commands to change all sectional heading sty
les
)
(C:\Users\vacalder\AppData\Roaming\MiKTeX\2.9\tex\latex\tocloft\tocloft.sty
Package: tocloft 2017/08/31 v2.3i parameterised ToC, etc., typesetting
Package tocloft Info: The document has chapter divisions on input line 51.
\cftparskip=\skip43
\cftbeforetoctitleskip=\skip44
\cftaftertoctitleskip=\skip45
\cftbeforepartskip=\skip46
\cftpartnumwidth=\skip47
\cftpartindent=\skip48
\cftbeforechapskip=\skip49
\cftchapindent=\skip50
\cftchapnumwidth=\skip51
\cftbeforesecskip=\skip52
\cftsecindent=\skip53
\cftsecnumwidth=\skip54
\cftbeforesubsecskip=\skip55
\cftsubsecindent=\skip56
\cftsubsecnumwidth=\skip57
\cftbeforesubsubsecskip=\skip58
\cftsubsubsecindent=\skip59
\cftsubsubsecnumwidth=\skip60
\cftbeforeparaskip=\skip61
\cftparaindent=\skip62
\cftparanumwidth=\skip63
\cftbeforesubparaskip=\skip64
\cftsubparaindent=\skip65
\cftsubparanumwidth=\skip66
\cftbeforeloftitleskip=\skip67
\cftafterloftitleskip=\skip68
\cftbeforefigskip=\skip69
\cftfigindent=\skip70
\cftfignumwidth=\skip71
\c@lofdepth=\count89
\c@lotdepth=\count90
\cftbeforelottitleskip=\skip72
\cftafterlottitleskip=\skip73
\cftbeforetabskip=\skip74
\cfttabindent=\skip75
\cfttabnumwidth=\skip76
)
("C:\Program Files\MiKTeX 2.9\tex\latex\graphics\graphicx.sty"
Package: graphicx 2017/06/01 v1.1a Enhanced LaTeX Graphics (DPC,SPQR)

("C:\Program Files\MiKTeX 2.9\tex\latex\graphics\keyval.sty"
Package: keyval 2014/10/28 v1.15 key=value parser (DPC)
\KV@toks@=\toks15
)
("C:\Program Files\MiKTeX 2.9\tex\latex\graphics\graphics.sty"
Package: graphics 2017/06/25 v1.2c Standard LaTeX Graphics (DPC,SPQR)

("C:\Program Files\MiKTeX 2.9\tex\latex\graphics\trig.sty"
Package: trig 2016/01/03 v1.10 sin cos tan (DPC)
)
("C:\Program Files\MiKTeX 2.9\tex\latex\graphics-cfg\graphics.cfg"
File: graphics.cfg 2016/06/04 v1.11 sample graphics configuration
)
Package graphics Info: Driver file: pdftex.def on input line 99.

("C:\Program Files\MiKTeX 2.9\tex\latex\graphics-def\pdftex.def"
File: pdftex.def 2018/01/08 v1.0l Graphics/color driver for pdftex
))
\Gin@req@height=\dimen103
\Gin@req@width=\dimen104
)
(C:\Users\vacalder\AppData\Roaming\MiKTeX\2.9\tex\latex\tocbibind\tocbibind.sty
Package: tocbibind 2010/10/13 v1.5k extra ToC listings
Package tocbibind Info: The document has chapter divisions on input line 50.

Package tocbibind Note: Using chapter style headings, unless overridden.

) ("C:\Program Files\MiKTeX 2.9\tex\latex\tools\calc.sty"
Package: calc 2014/10/28 v4.3 Infix arithmetic (KKT,FJ)
\calc@Acount=\count91
\calc@Bcount=\count92
\calc@Adimen=\dimen105
\calc@Bdimen=\dimen106
\calc@Askip=\skip77
\calc@Bskip=\skip78
LaTeX Info: Redefining \setlength on input line 80.
LaTeX Info: Redefining \addtolength on input line 81.
\calc@Ccount=\count93
\calc@Cskip=\skip79
)
\ncsu@capitalheight=\skip80
\ncsu@lineheight=\skip81
\ncsu@leading=\skip82
\ncsu@footskip=\skip83

("C:\Program Files\MiKTeX 2.9\tex\latex\geometry\geometry.sty"
Package: geometry 2010/09/12 v5.6 Page Geometry

("C:\Program Files\MiKTeX 2.9\tex\generic\oberdiek\ifpdf.sty"
Package: ifpdf 2017/03/15 v3.2 Provides the ifpdf switch
)
("C:\Program Files\MiKTeX 2.9\tex\generic\oberdiek\ifvtex.sty"
Package: ifvtex 2016/05/16 v1.6 Detect VTeX and its facilities (HO)
Package ifvtex Info: VTeX not detected.
)
("C:\Program Files\MiKTeX 2.9\tex\generic\ifxetex\ifxetex.sty"
Package: ifxetex 2010/09/12 v0.6 Provides ifxetex conditional
)
\Gm@cnth=\count94
\Gm@cntv=\count95
\c@Gm@tempcnt=\count96
\Gm@bindingoffset=\dimen107
\Gm@wd@mp=\dimen108
\Gm@odd@mp=\dimen109
\Gm@even@mp=\dimen110
\Gm@layoutwidth=\dimen111
\Gm@layoutheight=\dimen112
\Gm@layouthoffset=\dimen113
\Gm@layoutvoffset=\dimen114
\Gm@dimlist=\toks16

("C:\Program Files\MiKTeX 2.9\tex\latex\geometry\geometry.cfg"))
\ncsu@afterschapsep=\skip84
\ncsu@afterschapbeforeleadingsep=\skip85

("C:\Program Files\MiKTeX 2.9\tex\latex\oberdiek\pdflscape.sty"
Package: pdflscape 2016/05/14 v0.11 Display of landscape pages in PDF (HO)

("C:\Program Files\MiKTeX 2.9\tex\latex\graphics\lscape.sty"
Package: lscape 2000/10/22 v3.01 Landscape Pages (DPC)
)
Package pdflscape Info: Auto-detected driver: pdftex on input line 81.
)
(C:\Users\vacalder\AppData\Roaming\MiKTeX\2.9\tex\latex\fancyhdr\fancyhdr.sty
Package: fancyhdr 2017/06/30 v3.9a Extensive control of page headers and footer
s
\f@nch@headwidth=\skip86
\f@nch@O@elh=\skip87
\f@nch@O@erh=\skip88
\f@nch@O@olh=\skip89
\f@nch@O@orh=\skip90
\f@nch@O@elf=\skip91
\f@nch@O@erf=\skip92
\f@nch@O@olf=\skip93
\f@nch@O@orf=\skip94
)
("C:\Program Files\MiKTeX 2.9\tex\latex\graphics\rotating.sty"
Package: rotating 2016/08/11 v2.16d rotated objects in LaTeX
\c@r@tfl@t=\count97
\rotFPtop=\skip95
\rotFPbot=\skip96
\rot@float@box=\box26
\rot@mess@toks=\toks17
)
\portraittextheight=\skip97
\portraittextwidth=\skip98

("C:\Program Files\MiKTeX 2.9\tex\latex\tools\afterpage.sty"
Package: afterpage 2014/10/28 v1.08 After-Page Package (DPC)
\AP@output=\toks18
\AP@partial=\box27
\AP@footins=\box28
) (changepage.sty
Package: changepage 2009/10/20 v1.0c check page and change page layout
\c@cp@cntr=\count98
\cp@tempcnt=\count99
)
(C:\Users\vacalder\AppData\Roaming\MiKTeX\2.9\tex\latex\caption\caption.sty
Package: caption 2016/02/21 v3.3-144 Customizing captions (AR)

(C:\Users\vacalder\AppData\Roaming\MiKTeX\2.9\tex\latex\caption\caption3.sty
Package: caption3 2016/05/22 v1.7-166 caption3 kernel (AR)
Package caption3 Info: TeX engine: e-TeX on input line 67.
\captionmargin=\dimen115
\captionmargin@=\dimen116
\captionwidth=\dimen117
\caption@tempdima=\dimen118
\caption@indent=\dimen119
\caption@parindent=\dimen120
\caption@hangindent=\dimen121
)
\c@ContinuedFloat=\count100
Package caption Info: rotating package is loaded.
)
\appendixwidth=\skip99

(totcount.sty
Package: totcount 2009/07/09 v1.1 package for gettingthe total value of LaTeX c
ounters
)
\c@chapter@totc=\count101
)
(C:\Users\vacalder\AppData\Roaming\MiKTeX\2.9\tex\latex\booktabs\booktabs.sty
Package: booktabs 2005/04/14 v1.61803 publication quality tables
\heavyrulewidth=\dimen122
\lightrulewidth=\dimen123
\cmidrulewidth=\dimen124
\belowrulesep=\dimen125
\belowbottomsep=\dimen126
\aboverulesep=\dimen127
\abovetopsep=\dimen128
\cmidrulesep=\dimen129
\cmidrulekern=\dimen130
\defaultaddspace=\dimen131
\@cmidla=\count102
\@cmidlb=\count103
\@aboverulesep=\dimen132
\@belowrulesep=\dimen133
\@thisruleclass=\count104
\@lastruleclass=\count105
\@thisrulewidth=\dimen134
)
("C:\Program Files\MiKTeX 2.9\tex\latex\amsmath\amsmath.sty"
Package: amsmath 2017/09/02 v2.17a AMS math features
\@mathmargin=\skip100

For additional information on amsmath, use the `?' option.
("C:\Program Files\MiKTeX 2.9\tex\latex\amsmath\amstext.sty"
Package: amstext 2000/06/29 v2.01 AMS text

("C:\Program Files\MiKTeX 2.9\tex\latex\amsmath\amsgen.sty"
File: amsgen.sty 1999/11/30 v2.0 generic functions
\@emptytoks=\toks19
\ex@=\dimen135
))
("C:\Program Files\MiKTeX 2.9\tex\latex\amsmath\amsbsy.sty"
Package: amsbsy 1999/11/29 v1.2d Bold Symbols
\pmbraise@=\dimen136
)
("C:\Program Files\MiKTeX 2.9\tex\latex\amsmath\amsopn.sty"
Package: amsopn 2016/03/08 v2.02 operator names
)
\inf@bad=\count106
LaTeX Info: Redefining \frac on input line 213.
\uproot@=\count107
\leftroot@=\count108
LaTeX Info: Redefining \overline on input line 375.
\classnum@=\count109
\DOTSCASE@=\count110
LaTeX Info: Redefining \ldots on input line 472.
LaTeX Info: Redefining \dots on input line 475.
LaTeX Info: Redefining \cdots on input line 596.
\Mathstrutbox@=\box29
\strutbox@=\box30
\big@size=\dimen137
LaTeX Font Info:    Redeclaring font encoding OML on input line 712.
LaTeX Font Info:    Redeclaring font encoding OMS on input line 713.
\macc@depth=\count111
\c@MaxMatrixCols=\count112
\dotsspace@=\muskip10
\c@parentequation=\count113
\dspbrk@lvl=\count114
\tag@help=\toks20
\row@=\count115
\column@=\count116
\maxfields@=\count117
\andhelp@=\toks21
\eqnshift@=\dimen138
\alignsep@=\dimen139
\tagshift@=\dimen140
\tagwidth@=\dimen141
\totwidth@=\dimen142
\lineht@=\dimen143
\@envbody=\toks22
\multlinegap=\skip101
\multlinetaggap=\skip102
\mathdisplay@stack=\toks23
LaTeX Info: Redefining \[ on input line 2817.
LaTeX Info: Redefining \] on input line 2818.
)
("C:\Program Files\MiKTeX 2.9\tex\latex\amsfonts\amssymb.sty"
Package: amssymb 2013/01/14 v3.01 AMS font symbols

("C:\Program Files\MiKTeX 2.9\tex\latex\amsfonts\amsfonts.sty"
Package: amsfonts 2013/01/14 v3.01 Basic AMSFonts support
\symAMSa=\mathgroup4
\symAMSb=\mathgroup5
LaTeX Font Info:    Overwriting math alphabet `\mathfrak' in version `bold'
(Font)                  U/euf/m/n --> U/euf/b/n on input line 106.
))
("C:\Program Files\MiKTeX 2.9\tex\latex\base\textcomp.sty"
Package: textcomp 2017/04/05 v2.0i Standard LaTeX package
Package textcomp Info: Sub-encoding information:
(textcomp)               5 = only ISO-Adobe without \textcurrency
(textcomp)               4 = 5 + \texteuro
(textcomp)               3 = 4 + \textohm
(textcomp)               2 = 3 + \textestimated + \textcurrency
(textcomp)               1 = TS1 - \textcircled - \t
(textcomp)               0 = TS1 (full)
(textcomp)             Font families with sub-encoding setting implement
(textcomp)             only a restricted character set as indicated.
(textcomp)             Family '?' is the default used for unknown fonts.
(textcomp)             See the documentation for details.
Package textcomp Info: Setting ? sub-encoding to TS1/1 on input line 79.

("C:\Program Files\MiKTeX 2.9\tex\latex\base\ts1enc.def"
File: ts1enc.def 2001/06/05 v3.0e (jk/car/fm) Standard LaTeX file
)
LaTeX Info: Redefining \oldstylenums on input line 334.
Package textcomp Info: Setting cmr sub-encoding to TS1/0 on input line 349.
Package textcomp Info: Setting cmss sub-encoding to TS1/0 on input line 350.
Package textcomp Info: Setting cmtt sub-encoding to TS1/0 on input line 351.
Package textcomp Info: Setting cmvtt sub-encoding to TS1/0 on input line 352.
Package textcomp Info: Setting cmbr sub-encoding to TS1/0 on input line 353.
Package textcomp Info: Setting cmtl sub-encoding to TS1/0 on input line 354.
Package textcomp Info: Setting ccr sub-encoding to TS1/0 on input line 355.
Package textcomp Info: Setting ptm sub-encoding to TS1/4 on input line 356.
Package textcomp Info: Setting pcr sub-encoding to TS1/4 on input line 357.
Package textcomp Info: Setting phv sub-encoding to TS1/4 on input line 358.
Package textcomp Info: Setting ppl sub-encoding to TS1/3 on input line 359.
Package textcomp Info: Setting pag sub-encoding to TS1/4 on input line 360.
Package textcomp Info: Setting pbk sub-encoding to TS1/4 on input line 361.
Package textcomp Info: Setting pnc sub-encoding to TS1/4 on input line 362.
Package textcomp Info: Setting pzc sub-encoding to TS1/4 on input line 363.
Package textcomp Info: Setting bch sub-encoding to TS1/4 on input line 364.
Package textcomp Info: Setting put sub-encoding to TS1/5 on input line 365.
Package textcomp Info: Setting uag sub-encoding to TS1/5 on input line 366.
Package textcomp Info: Setting ugq sub-encoding to TS1/5 on input line 367.
Package textcomp Info: Setting ul8 sub-encoding to TS1/4 on input line 368.
Package textcomp Info: Setting ul9 sub-encoding to TS1/4 on input line 369.
Package textcomp Info: Setting augie sub-encoding to TS1/5 on input line 370.
Package textcomp Info: Setting dayrom sub-encoding to TS1/3 on input line 371.
Package textcomp Info: Setting dayroms sub-encoding to TS1/3 on input line 372.

Package textcomp Info: Setting pxr sub-encoding to TS1/0 on input line 373.
Package textcomp Info: Setting pxss sub-encoding to TS1/0 on input line 374.
Package textcomp Info: Setting pxtt sub-encoding to TS1/0 on input line 375.
Package textcomp Info: Setting txr sub-encoding to TS1/0 on input line 376.
Package textcomp Info: Setting txss sub-encoding to TS1/0 on input line 377.
Package textcomp Info: Setting txtt sub-encoding to TS1/0 on input line 378.
Package textcomp Info: Setting lmr sub-encoding to TS1/0 on input line 379.
Package textcomp Info: Setting lmdh sub-encoding to TS1/0 on input line 380.
Package textcomp Info: Setting lmss sub-encoding to TS1/0 on input line 381.
Package textcomp Info: Setting lmssq sub-encoding to TS1/0 on input line 382.
Package textcomp Info: Setting lmvtt sub-encoding to TS1/0 on input line 383.
Package textcomp Info: Setting lmtt sub-encoding to TS1/0 on input line 384.
Package textcomp Info: Setting qhv sub-encoding to TS1/0 on input line 385.
Package textcomp Info: Setting qag sub-encoding to TS1/0 on input line 386.
Package textcomp Info: Setting qbk sub-encoding to TS1/0 on input line 387.
Package textcomp Info: Setting qcr sub-encoding to TS1/0 on input line 388.
Package textcomp Info: Setting qcs sub-encoding to TS1/0 on input line 389.
Package textcomp Info: Setting qpl sub-encoding to TS1/0 on input line 390.
Package textcomp Info: Setting qtm sub-encoding to TS1/0 on input line 391.
Package textcomp Info: Setting qzc sub-encoding to TS1/0 on input line 392.
Package textcomp Info: Setting qhvc sub-encoding to TS1/0 on input line 393.
Package textcomp Info: Setting futs sub-encoding to TS1/4 on input line 394.
Package textcomp Info: Setting futx sub-encoding to TS1/4 on input line 395.
Package textcomp Info: Setting futj sub-encoding to TS1/4 on input line 396.
Package textcomp Info: Setting hlh sub-encoding to TS1/3 on input line 397.
Package textcomp Info: Setting hls sub-encoding to TS1/3 on input line 398.
Package textcomp Info: Setting hlst sub-encoding to TS1/3 on input line 399.
Package textcomp Info: Setting hlct sub-encoding to TS1/5 on input line 400.
Package textcomp Info: Setting hlx sub-encoding to TS1/5 on input line 401.
Package textcomp Info: Setting hlce sub-encoding to TS1/5 on input line 402.
Package textcomp Info: Setting hlcn sub-encoding to TS1/5 on input line 403.
Package textcomp Info: Setting hlcw sub-encoding to TS1/5 on input line 404.
Package textcomp Info: Setting hlcf sub-encoding to TS1/5 on input line 405.
Package textcomp Info: Setting pplx sub-encoding to TS1/3 on input line 406.
Package textcomp Info: Setting pplj sub-encoding to TS1/3 on input line 407.
Package textcomp Info: Setting ptmx sub-encoding to TS1/4 on input line 408.
Package textcomp Info: Setting ptmj sub-encoding to TS1/4 on input line 409.
)
(C:\Users\vacalder\AppData\Roaming\MiKTeX\2.9\tex\latex\lipsum\lipsum.sty
Package: lipsum 2014/07/27 v1.3 150 paragraphs of Lorem Ipsum dummy text
\c@lips@count=\count118
)
(C:\Users\vacalder\AppData\Roaming\MiKTeX\2.9\tex\latex\subfig\subfig.sty
Package: subfig 2005/06/28 ver: 1.3 subfig package
\c@KVtest=\count119
\sf@farskip=\skip103
\sf@captopadj=\dimen144
\sf@capskip=\skip104
\sf@nearskip=\skip105
\c@subfigure=\count120
\c@subfigure@save=\count121
\c@subtable=\count122
\c@subtable@save=\count123
\sf@top=\skip106
\sf@bottom=\skip107
)
("C:\Program Files\MiKTeX 2.9\tex\latex\multirow\multirow.sty"
Package: multirow 2016/11/25 v2.2 Span multiple rows of a table
\multirow@colwidth=\skip108
\multirow@cntb=\count124
\multirow@dima=\skip109
\bigstrutjot=\dimen145
)
(C:\Users\vacalder\AppData\Roaming\MiKTeX\2.9\tex\latex\xcolor\xcolor.sty
Package: xcolor 2016/05/11 v2.12 LaTeX color extensions (UK)

("C:\Program Files\MiKTeX 2.9\tex\latex\graphics-cfg\color.cfg"
File: color.cfg 2016/01/02 v1.6 sample color configuration
)
Package xcolor Info: Driver file: pdftex.def on input line 225.

(C:\Users\vacalder\AppData\Roaming\MiKTeX\2.9\tex\latex\colortbl\colortbl.sty
Package: colortbl 2018/05/02 v1.0c Color table columns (DPC)

("C:\Program Files\MiKTeX 2.9\tex\latex\tools\array.sty"
Package: array 2016/10/06 v2.4d Tabular extension package (FMi)
\col@sep=\dimen146
\extrarowheight=\dimen147
\NC@list=\toks24
\extratabsurround=\skip110
\backup@length=\skip111
)
\everycr=\toks25
\minrowclearance=\skip112
)
\rownum=\count125
Package xcolor Info: Model `cmy' substituted by `cmy0' on input line 1348.
Package xcolor Info: Model `hsb' substituted by `rgb' on input line 1352.
Package xcolor Info: Model `RGB' extended on input line 1364.
Package xcolor Info: Model `HTML' substituted by `rgb' on input line 1366.
Package xcolor Info: Model `Hsb' substituted by `hsb' on input line 1367.
Package xcolor Info: Model `tHsb' substituted by `hsb' on input line 1368.
Package xcolor Info: Model `HSB' substituted by `hsb' on input line 1369.
Package xcolor Info: Model `Gray' substituted by `gray' on input line 1370.
Package xcolor Info: Model `wave' substituted by `hsb' on input line 1371.
)
(C:\Users\vacalder\AppData\Roaming\MiKTeX\2.9\tex\latex\biblatex\biblatex.sty
Package: biblatex 2018/03/04 v3.11 programmable bibliographies (PK/MW)

("C:\Program Files\MiKTeX 2.9\tex\generic\oberdiek\pdftexcmds.sty"
Package: pdftexcmds 2018/01/21 v0.26 Utility functions of pdfTeX for LuaTeX (HO
)

("C:\Program Files\MiKTeX 2.9\tex\generic\oberdiek\infwarerr.sty"
Package: infwarerr 2016/05/16 v1.4 Providing info/warning/error messages (HO)
)
("C:\Program Files\MiKTeX 2.9\tex\generic\oberdiek\ifluatex.sty"
Package: ifluatex 2016/05/16 v1.4 Provides the ifluatex switch (HO)
Package ifluatex Info: LuaTeX not detected.
)
("C:\Program Files\MiKTeX 2.9\tex\generic\oberdiek\ltxcmds.sty"
Package: ltxcmds 2016/05/16 v1.23 LaTeX kernel commands for general use (HO)
)
Package pdftexcmds Info: LuaTeX not detected.
Package pdftexcmds Info: \pdf@primitive is available.
Package pdftexcmds Info: \pdf@ifprimitive is available.
Package pdftexcmds Info: \pdfdraftmode found.
)
(C:\Users\vacalder\AppData\Roaming\MiKTeX\2.9\tex\latex\etoolbox\etoolbox.sty
Package: etoolbox 2018/02/11 v2.5e e-TeX tools for LaTeX (JAW)
\etb@tempcnta=\count126
)
("C:\Program Files\MiKTeX 2.9\tex\latex\oberdiek\kvoptions.sty"
Package: kvoptions 2016/05/16 v3.12 Key value format for package options (HO)

("C:\Program Files\MiKTeX 2.9\tex\generic\oberdiek\kvsetkeys.sty"
Package: kvsetkeys 2016/05/16 v1.17 Key value parser (HO)

("C:\Program Files\MiKTeX 2.9\tex\generic\oberdiek\etexcmds.sty"
Package: etexcmds 2016/05/16 v1.6 Avoid name clashes with e-TeX commands (HO)
Package etexcmds Info: Could not find \expanded.
(etexcmds)             That can mean that you are not using pdfTeX 1.50 or
(etexcmds)             that some package has redefined \expanded.
(etexcmds)             In the latter case, load this package earlier.
)))
(C:\Users\vacalder\AppData\Roaming\MiKTeX\2.9\tex\latex\logreq\logreq.sty
Package: logreq 2010/08/04 v1.0 xml request logger
\lrq@indent=\count127

(C:\Users\vacalder\AppData\Roaming\MiKTeX\2.9\tex\latex\logreq\logreq.def
File: logreq.def 2010/08/04 v1.0 logreq spec v1.0
))
(C:\Users\vacalder\AppData\Roaming\MiKTeX\2.9\tex\latex\url\url.sty
\Urlmuskip=\muskip11
Package: url 2013/09/16  ver 3.4  Verb mode for urls, etc.
)
(C:\Users\vacalder\AppData\Roaming\MiKTeX\2.9\tex\latex\xstring\xstring.sty
(C:\Users\vacalder\AppData\Roaming\MiKTeX\2.9\tex\generic\xstring\xstring.tex
\@xs@message=\write3
\integerpart=\count128
\decimalpart=\count129
)
Package: xstring 2013/10/13  v1.7c  String manipulations (C Tellechea)
)
\c@tabx@nest=\count130
\c@listtotal=\count131
\c@listcount=\count132
\c@liststart=\count133
\c@liststop=\count134
\c@citecount=\count135
\c@citetotal=\count136
\c@multicitecount=\count137
\c@multicitetotal=\count138
\c@instcount=\count139
\c@maxnames=\count140
\c@minnames=\count141
\c@maxitems=\count142
\c@minitems=\count143
\c@citecounter=\count144
\c@savedcitecounter=\count145
\c@uniquelist=\count146
\c@uniquename=\count147
\c@refsection=\count148
\c@refsegment=\count149
\c@maxextratitle=\count150
\c@maxextratitleyear=\count151
\c@maxextradate=\count152
\c@maxextraalpha=\count153
\c@abbrvpenalty=\count154
\c@highnamepenalty=\count155
\c@lownamepenalty=\count156
\c@maxparens=\count157
\c@parenlevel=\count158
\blx@tempcnta=\count159
\blx@tempcntb=\count160
\blx@tempcntc=\count161
\blx@maxsection=\count162
\blx@maxsegment@0=\count163
\blx@notetype=\count164
\blx@parenlevel@text=\count165
\blx@parenlevel@foot=\count166
\blx@sectionciteorder@0=\count167
\labelnumberwidth=\skip113
\labelalphawidth=\skip114
\biblabelsep=\skip115
\bibitemsep=\skip116
\bibnamesep=\skip117
\bibinitsep=\skip118
\bibparsep=\skip119
\bibhang=\skip120
\blx@bcfin=\read1
\blx@bcfout=\write4
\c@mincomprange=\count168
\c@maxcomprange=\count169
\c@mincompwidth=\count170
Package biblatex Info: Trying to load biblatex default data model...
Package biblatex Info: ... file 'blx-dm.def' found.
(C:\Users\vacalder\AppData\Roaming\MiKTeX\2.9\tex\latex\biblatex\blx-dm.def
File: blx-dm.def 2018/03/04 v3.11 biblatex localization (PK/MW)
)
Package biblatex Info: Trying to load biblatex style data model...
Package biblatex Info: ... file 'ieee.dbx' not found.
Package biblatex Info: Trying to load biblatex custom data model...
Package biblatex Info: ... file 'biblatex-dm.cfg' not found.
\c@afterword=\count171
\c@savedafterword=\count172
\c@annotator=\count173
\c@savedannotator=\count174
\c@author=\count175
\c@savedauthor=\count176
\c@bookauthor=\count177
\c@savedbookauthor=\count178
\c@commentator=\count179
\c@savedcommentator=\count180
\c@editor=\count181
\c@savededitor=\count182
\c@editora=\count183
\c@savededitora=\count184
\c@editorb=\count185
\c@savededitorb=\count186
\c@editorc=\count187
\c@savededitorc=\count188
\c@foreword=\count189
\c@savedforeword=\count190
\c@holder=\count191
\c@savedholder=\count192
\c@introduction=\count193
\c@savedintroduction=\count194
\c@namea=\count195
\c@savednamea=\count196
\c@nameb=\count197
\c@savednameb=\count198
\c@namec=\count199
\c@savednamec=\count266
\c@translator=\count267
\c@savedtranslator=\count268
\c@shortauthor=\count269
\c@savedshortauthor=\count270
\c@shorteditor=\count271
\c@savedshorteditor=\count272
\c@labelname=\count273
\c@savedlabelname=\count274
\c@institution=\count275
\c@savedinstitution=\count276
\c@lista=\count277
\c@savedlista=\count278
\c@listb=\count279
\c@savedlistb=\count280
\c@listc=\count281
\c@savedlistc=\count282
\c@listd=\count283
\c@savedlistd=\count284
\c@liste=\count285
\c@savedliste=\count286
\c@listf=\count287
\c@savedlistf=\count288
\c@location=\count289
\c@savedlocation=\count290
\c@organization=\count291
\c@savedorganization=\count292
\c@origlocation=\count293
\c@savedoriglocation=\count294
\c@origpublisher=\count295
\c@savedorigpublisher=\count296
\c@publisher=\count297
\c@savedpublisher=\count298
\c@language=\count299
\c@savedlanguage=\count300
\c@origlanguage=\count301
\c@savedoriglanguage=\count302
\c@pageref=\count303
\c@savedpageref=\count304
\shorthandwidth=\skip121
\shortjournalwidth=\skip122
\shortserieswidth=\skip123
\shorttitlewidth=\skip124
\shortauthorwidth=\skip125
\shorteditorwidth=\skip126
\locallabelnumberwidth=\skip127
\locallabelalphawidth=\skip128
\localshorthandwidth=\skip129
\localshortjournalwidth=\skip130
\localshortserieswidth=\skip131
\localshorttitlewidth=\skip132
\localshortauthorwidth=\skip133
\localshorteditorwidth=\skip134
Package biblatex Info: Trying to load compatibility code...
Package biblatex Info: ... file 'blx-compat.def' found.

(C:\Users\vacalder\AppData\Roaming\MiKTeX\2.9\tex\latex\biblatex\blx-compat.def
File: blx-compat.def 2018/03/04 v3.11 biblatex compatibility (PK/MW)
)
Package biblatex Info: Trying to load BibTeX backend compatibility...
Package biblatex Info: ... file 'blx-bibtex.def' found.

(C:\Users\vacalder\AppData\Roaming\MiKTeX\2.9\tex\latex\biblatex\blx-bibtex.def
File: blx-bibtex.def 2018/03/04 v3.11 biblatex compatibility (PK/MW)

Package biblatex Warning: Using fall-back BibTeX(8) backend:
(biblatex)                functionality may be reduced/unavailable.

)
Package biblatex Info: Trying to load generic definitions...
Package biblatex Info: ... file 'biblatex.def' found.
 (C:\Users\vacalder\AppData\Roaming\MiKTeX\2.9\tex\latex\biblatex\biblatex.def
File: biblatex.def 2018/03/04 v3.11 biblatex compatibility (PK/MW)
\c@textcitecount=\count305
\c@textcitetotal=\count306
\c@textcitemaxnames=\count307
\c@biburlnumpenalty=\count308
\c@biburlucpenalty=\count309
\c@biburllcpenalty=\count310
\c@smartand=\count311
)
Package biblatex Info: Trying to load natbib compatibility...
Package biblatex Info: ... file 'blx-natbib.def' found.

(C:\Users\vacalder\AppData\Roaming\MiKTeX\2.9\tex\latex\biblatex\blx-natbib.def
File: blx-natbib.def 2018/03/04 v3.11 biblatex compatibility (PK/MW)
)
Package biblatex Info: Trying to load bibliography style 'ieee'...
Package biblatex Info: ... file 'ieee.bbx' found.

(C:\Users\vacalder\AppData\Roaming\MiKTeX\2.9\tex\latex\biblatex-ieee\ieee.bbx
File: ieee.bbx 2019/06/19 v1.3a biblatex bibliography style
Package biblatex Info: Trying to load bibliography style 'numeric-comp'...
Package biblatex Info: ... file 'numeric-comp.bbx' found.

(C:\Users\vacalder\AppData\Roaming\MiKTeX\2.9\tex\latex\biblatex\bbx\numeric-co
mp.bbx
File: numeric-comp.bbx 2018/03/04 v3.11 biblatex bibliography style (PK/MW)
Package biblatex Info: Trying to load bibliography style 'numeric'...
Package biblatex Info: ... file 'numeric.bbx' found.

(C:\Users\vacalder\AppData\Roaming\MiKTeX\2.9\tex\latex\biblatex\bbx\numeric.bb
x
File: numeric.bbx 2018/03/04 v3.11 biblatex bibliography style (PK/MW)
Package biblatex Info: Trying to load bibliography style 'standard'...
Package biblatex Info: ... file 'standard.bbx' found.

(C:\Users\vacalder\AppData\Roaming\MiKTeX\2.9\tex\latex\biblatex\bbx\standard.b
bx
File: standard.bbx 2018/03/04 v3.11 biblatex bibliography style (PK/MW)
\c@bbx:relatedcount=\count312
\c@bbx:relatedtotal=\count313
))))
Package biblatex Info: Trying to load citation style 'ieee'...
Package biblatex Info: ... file 'ieee.cbx' found.

(C:\Users\vacalder\AppData\Roaming\MiKTeX\2.9\tex\latex\biblatex-ieee\ieee.cbx
File: ieee.cbx 2019/06/19 v1.3a biblatex citation style
Package biblatex Info: Trying to load citation style 'numeric-comp'...
Package biblatex Info: ... file 'numeric-comp.cbx' found.

(C:\Users\vacalder\AppData\Roaming\MiKTeX\2.9\tex\latex\biblatex\cbx\numeric-co
mp.cbx
File: numeric-comp.cbx 2018/03/04 v3.11 biblatex citation style (PK/MW)
\c@cbx@tempcnta=\count314
\c@cbx@tempcntb=\count315
Package biblatex Info: Redefining '\cite'.
Package biblatex Info: Redefining '\parencite'.
Package biblatex Info: Redefining '\footcite'.
Package biblatex Info: Redefining '\footcitetext'.
Package biblatex Info: Redefining '\smartcite'.
Package biblatex Info: Redefining '\supercite'.
Package biblatex Info: Redefining '\textcite'.
Package biblatex Info: Redefining '\textcites'.
Package biblatex Info: Redefining '\cites'.
Package biblatex Info: Redefining '\parencites'.
Package biblatex Info: Redefining '\smartcites'.
)
Package biblatex Info: Redefining '\cite'.
Package biblatex Info: Redefining '\cites'.
)
Package biblatex Info: Trying to load configuration file...
Package biblatex Info: ... file 'biblatex.cfg' found.

(C:\Users\vacalder\AppData\Roaming\MiKTeX\2.9\tex\latex\biblatex\biblatex.cfg
File: biblatex.cfg 
)) ("C:\Program Files\MiKTeX 2.9\tex\latex\tools\dcolumn.sty"
Package: dcolumn 2014/10/28 v1.06 decimal alignment package (DPC)
)
("C:\Program Files\MiKTeX 2.9\tex\latex\tools\bm.sty"
Package: bm 2017/01/16 v1.2c Bold Symbol Support (DPC/FMi)
\symboldoperators=\mathgroup6
\symboldletters=\mathgroup7
\symboldsymbols=\mathgroup8
LaTeX Font Info:    Redeclaring math alphabet \mathbf on input line 141.
LaTeX Info: Redefining \bm on input line 207.
)
(C:\Users\vacalder\AppData\Roaming\MiKTeX\2.9\tex\latex\cancel\cancel.sty
Package: cancel 2013/04/12 v2.2 Cancel math terms
)
("C:\Program Files\MiKTeX 2.9\tex\latex\tools\verbatim.sty"
Package: verbatim 2014/10/28 v1.5q LaTeX2e package for verbatim enhancements
\every@verbatim=\toks26
\verbatim@line=\toks27
\verbatim@in@stream=\read2
)
(C:\Users\vacalder\AppData\Roaming\MiKTeX\2.9\tex\latex\preprint\balance.sty
Package: balance 1999/02/23 4.3 (PWD)
\oldvsize=\dimen148
)
(C:\Users\vacalder\AppData\Roaming\MiKTeX\2.9\tex\latex\lastpage\lastpage.sty
Package: lastpage 2015/03/29 v1.2m Refers to last page's name (HMM; JPG)
)
(C:\Users\vacalder\AppData\Roaming\MiKTeX\2.9\tex\latex\frankenstein\abbrevs.st
y
Package: abbrevs 2001/09/08 v1.4 abbreviation macros (Frankenstein's briefs)

(C:\Users\vacalder\AppData\Roaming\MiKTeX\2.9\tex\latex\frankenstein\moredefs.s
ty
Package: moredefs 2001/08/31 v1.8 more defining commands (Frankenstein's brain)

\sc@toks@a=\toks28
\sc@toks@b=\toks29
)
(C:\Users\vacalder\AppData\Roaming\MiKTeX\2.9\tex\latex\frankenstein\slemph.sty
Package: slemph 1999/02/25 v1.2 slanted emphasis (Frankenstein's gait)
LaTeX Info: Redefining \itswitch on input line 177.
LaTeX Info: Redefining \slswitch on input line 186.
LaTeX Info: Redefining \textitswitch on input line 195.
LaTeX Info: Redefining \textslswitch on input line 196.

(C:\Users\vacalder\AppData\Roaming\MiKTeX\2.9\tex\latex\frankenstein\slemph.cfg
File: slemph.cfg 
))
\c@tm@util=\count316

(C:\Users\vacalder\AppData\Roaming\MiKTeX\2.9\tex\latex\frankenstein\abbrevs.cf
g
File: abbrevs.cfg 
 ("C:\Program Files\MiKTeX 2.9\tex\latex\ltxmisc\relsize.sty"
Package: relsize 2003/07/04 ver 3.1
)))
(C:\Users\vacalder\AppData\Roaming\MiKTeX\2.9\tex\latex\units\units.sty
Package: units 1998/08/04 v0.9b Typesetting units

(C:\Users\vacalder\AppData\Roaming\MiKTeX\2.9\tex\latex\units\nicefrac.sty
Package: nicefrac 1998/08/04 v0.9b Nice fractions
\L@UnitsRaiseDisplaystyle=\skip135
\L@UnitsRaiseTextstyle=\skip136
\L@UnitsRaiseScriptstyle=\skip137
))
(C:\Users\vacalder\AppData\Roaming\MiKTeX\2.9\tex\latex\easylist\easylist.sty
Package: easylist 2014/01/11 v.1.4 Numbered items with a single command.
\el@CounterTotal=\count317
\el@Scratch=\count318
\el@ControlCounter=\count319
\el@CounterLevel=\count320
\c@List1=\count321
\c@List2=\count322
\c@List3=\count323
\c@List4=\count324
\c@List5=\count325
\c@List6=\count326
\c@List7=\count327
\c@List8=\count328
\c@List9=\count329
\c@List10=\count330
\el@ProgressiveDimension=\dimen149
\el@CounterBox=\box31
\el@ControlBox=\box32
\el@TotalMargin=\dimen150
\el@LeftMove=\dimen151
)
(C:\Users\vacalder\AppData\Roaming\MiKTeX\2.9\tex\latex\titlesec\titlesec.sty
Package: titlesec 2016/03/21 v2.10.2 Sectioning titles
\ttl@box=\box33
\beforetitleunit=\skip138
\aftertitleunit=\skip139
\ttl@plus=\dimen152
\ttl@minus=\dimen153
\ttl@toksa=\toks30
\titlewidth=\dimen154
\titlewidthlast=\dimen155
\titlewidthfirst=\dimen156
)
(C:\Users\vacalder\AppData\Roaming\MiKTeX\2.9\tex\latex\placeins\placeins.sty
Package: placeins 2005/04/18  v 2.2
)
\chaptercapitalheight=\skip140
\chapterfootskip=\skip141
\graphht=\skip142

(C:\Users\vacalder\AppData\Roaming\MiKTeX\2.9\tex\latex\pgf\frontendlayer\tikz.
sty
(C:\Users\vacalder\AppData\Roaming\MiKTeX\2.9\tex\latex\pgf\basiclayer\pgf.sty
(C:\Users\vacalder\AppData\Roaming\MiKTeX\2.9\tex\latex\pgf\utilities\pgfrcs.st
y
(C:\Users\vacalder\AppData\Roaming\MiKTeX\2.9\tex\generic\pgf\utilities\pgfutil
-common.tex
\pgfutil@everybye=\toks31
\pgfutil@tempdima=\dimen157
\pgfutil@tempdimb=\dimen158

(C:\Users\vacalder\AppData\Roaming\MiKTeX\2.9\tex\generic\pgf\utilities\pgfutil
-common-lists.tex))
(C:\Users\vacalder\AppData\Roaming\MiKTeX\2.9\tex\generic\pgf\utilities\pgfutil
-latex.def
\pgfutil@abb=\box34

(C:\Users\vacalder\AppData\Roaming\MiKTeX\2.9\tex\latex\ms\everyshi.sty
Package: everyshi 2001/05/15 v3.00 EveryShipout Package (MS)
))
(C:\Users\vacalder\AppData\Roaming\MiKTeX\2.9\tex\generic\pgf\utilities\pgfrcs.
code.tex
Package: pgfrcs 2015/08/07 v3.0.1a (rcs-revision 1.31)
))
Package: pgf 2015/08/07 v3.0.1a (rcs-revision 1.15)

(C:\Users\vacalder\AppData\Roaming\MiKTeX\2.9\tex\latex\pgf\basiclayer\pgfcore.
sty
(C:\Users\vacalder\AppData\Roaming\MiKTeX\2.9\tex\latex\pgf\systemlayer\pgfsys.
sty
(C:\Users\vacalder\AppData\Roaming\MiKTeX\2.9\tex\generic\pgf\systemlayer\pgfsy
s.code.tex
Package: pgfsys 2014/07/09 v3.0.1a (rcs-revision 1.48)

(C:\Users\vacalder\AppData\Roaming\MiKTeX\2.9\tex\generic\pgf\utilities\pgfkeys
.code.tex
\pgfkeys@pathtoks=\toks32
\pgfkeys@temptoks=\toks33

(C:\Users\vacalder\AppData\Roaming\MiKTeX\2.9\tex\generic\pgf\utilities\pgfkeys
filtered.code.tex
\pgfkeys@tmptoks=\toks34
))
\pgf@x=\dimen159
\pgf@y=\dimen160
\pgf@xa=\dimen161
\pgf@ya=\dimen162
\pgf@xb=\dimen163
\pgf@yb=\dimen164
\pgf@xc=\dimen165
\pgf@yc=\dimen166
\w@pgf@writea=\write5
\r@pgf@reada=\read3
\c@pgf@counta=\count331
\c@pgf@countb=\count332
\c@pgf@countc=\count333
\c@pgf@countd=\count334
\t@pgf@toka=\toks35
\t@pgf@tokb=\toks36
\t@pgf@tokc=\toks37

(C:\Users\vacalder\AppData\Roaming\MiKTeX\2.9\tex\generic\pgf\systemlayer\pgf.c
fg
File: pgf.cfg 2008/05/14  (rcs-revision 1.7)
)
Driver file for pgf: pgfsys-pdftex.def

(C:\Users\vacalder\AppData\Roaming\MiKTeX\2.9\tex\generic\pgf\systemlayer\pgfsy
s-pdftex.def
File: pgfsys-pdftex.def 2014/10/11  (rcs-revision 1.35)

(C:\Users\vacalder\AppData\Roaming\MiKTeX\2.9\tex\generic\pgf\systemlayer\pgfsy
s-common-pdf.def
File: pgfsys-common-pdf.def 2013/10/10  (rcs-revision 1.13)
)))
(C:\Users\vacalder\AppData\Roaming\MiKTeX\2.9\tex\generic\pgf\systemlayer\pgfsy
ssoftpath.code.tex
File: pgfsyssoftpath.code.tex 2013/09/09  (rcs-revision 1.9)
\pgfsyssoftpath@smallbuffer@items=\count335
\pgfsyssoftpath@bigbuffer@items=\count336
)
(C:\Users\vacalder\AppData\Roaming\MiKTeX\2.9\tex\generic\pgf\systemlayer\pgfsy
sprotocol.code.tex
File: pgfsysprotocol.code.tex 2006/10/16  (rcs-revision 1.4)
))
(C:\Users\vacalder\AppData\Roaming\MiKTeX\2.9\tex\generic\pgf\basiclayer\pgfcor
e.code.tex
Package: pgfcore 2010/04/11 v3.0.1a (rcs-revision 1.7)

(C:\Users\vacalder\AppData\Roaming\MiKTeX\2.9\tex\generic\pgf\math\pgfmath.code
.tex
(C:\Users\vacalder\AppData\Roaming\MiKTeX\2.9\tex\generic\pgf\math\pgfmathcalc.
code.tex
(C:\Users\vacalder\AppData\Roaming\MiKTeX\2.9\tex\generic\pgf\math\pgfmathutil.
code.tex)
(C:\Users\vacalder\AppData\Roaming\MiKTeX\2.9\tex\generic\pgf\math\pgfmathparse
r.code.tex
\pgfmath@dimen=\dimen167
\pgfmath@count=\count337
\pgfmath@box=\box35
\pgfmath@toks=\toks38
\pgfmath@stack@operand=\toks39
\pgfmath@stack@operation=\toks40
)
(C:\Users\vacalder\AppData\Roaming\MiKTeX\2.9\tex\generic\pgf\math\pgfmathfunct
ions.code.tex
(C:\Users\vacalder\AppData\Roaming\MiKTeX\2.9\tex\generic\pgf\math\pgfmathfunct
ions.basic.code.tex)
(C:\Users\vacalder\AppData\Roaming\MiKTeX\2.9\tex\generic\pgf\math\pgfmathfunct
ions.trigonometric.code.tex)
(C:\Users\vacalder\AppData\Roaming\MiKTeX\2.9\tex\generic\pgf\math\pgfmathfunct
ions.random.code.tex)
(C:\Users\vacalder\AppData\Roaming\MiKTeX\2.9\tex\generic\pgf\math\pgfmathfunct
ions.comparison.code.tex)
(C:\Users\vacalder\AppData\Roaming\MiKTeX\2.9\tex\generic\pgf\math\pgfmathfunct
ions.base.code.tex)
(C:\Users\vacalder\AppData\Roaming\MiKTeX\2.9\tex\generic\pgf\math\pgfmathfunct
ions.round.code.tex)
(C:\Users\vacalder\AppData\Roaming\MiKTeX\2.9\tex\generic\pgf\math\pgfmathfunct
ions.misc.code.tex)
(C:\Users\vacalder\AppData\Roaming\MiKTeX\2.9\tex\generic\pgf\math\pgfmathfunct
ions.integerarithmetics.code.tex)))
(C:\Users\vacalder\AppData\Roaming\MiKTeX\2.9\tex\generic\pgf\math\pgfmathfloat
.code.tex
\c@pgfmathroundto@lastzeros=\count338
))
(C:\Users\vacalder\AppData\Roaming\MiKTeX\2.9\tex\generic\pgf\basiclayer\pgfcor
epoints.code.tex
File: pgfcorepoints.code.tex 2013/10/07  (rcs-revision 1.27)
\pgf@picminx=\dimen168
\pgf@picmaxx=\dimen169
\pgf@picminy=\dimen170
\pgf@picmaxy=\dimen171
\pgf@pathminx=\dimen172
\pgf@pathmaxx=\dimen173
\pgf@pathminy=\dimen174
\pgf@pathmaxy=\dimen175
\pgf@xx=\dimen176
\pgf@xy=\dimen177
\pgf@yx=\dimen178
\pgf@yy=\dimen179
\pgf@zx=\dimen180
\pgf@zy=\dimen181
)
(C:\Users\vacalder\AppData\Roaming\MiKTeX\2.9\tex\generic\pgf\basiclayer\pgfcor
epathconstruct.code.tex
File: pgfcorepathconstruct.code.tex 2013/10/07  (rcs-revision 1.29)
\pgf@path@lastx=\dimen182
\pgf@path@lasty=\dimen183
)
(C:\Users\vacalder\AppData\Roaming\MiKTeX\2.9\tex\generic\pgf\basiclayer\pgfcor
epathusage.code.tex
File: pgfcorepathusage.code.tex 2014/11/02  (rcs-revision 1.24)
\pgf@shorten@end@additional=\dimen184
\pgf@shorten@start@additional=\dimen185
)
(C:\Users\vacalder\AppData\Roaming\MiKTeX\2.9\tex\generic\pgf\basiclayer\pgfcor
escopes.code.tex
File: pgfcorescopes.code.tex 2015/05/08  (rcs-revision 1.46)
\pgfpic=\box36
\pgf@hbox=\box37
\pgf@layerbox@main=\box38
\pgf@picture@serial@count=\count339
)
(C:\Users\vacalder\AppData\Roaming\MiKTeX\2.9\tex\generic\pgf\basiclayer\pgfcor
egraphicstate.code.tex
File: pgfcoregraphicstate.code.tex 2014/11/02  (rcs-revision 1.12)
\pgflinewidth=\dimen186
)
(C:\Users\vacalder\AppData\Roaming\MiKTeX\2.9\tex\generic\pgf\basiclayer\pgfcor
etransformations.code.tex
File: pgfcoretransformations.code.tex 2015/08/07  (rcs-revision 1.20)
\pgf@pt@x=\dimen187
\pgf@pt@y=\dimen188
\pgf@pt@temp=\dimen189
)
(C:\Users\vacalder\AppData\Roaming\MiKTeX\2.9\tex\generic\pgf\basiclayer\pgfcor
equick.code.tex
File: pgfcorequick.code.tex 2008/10/09  (rcs-revision 1.3)
)
(C:\Users\vacalder\AppData\Roaming\MiKTeX\2.9\tex\generic\pgf\basiclayer\pgfcor
eobjects.code.tex
File: pgfcoreobjects.code.tex 2006/10/11  (rcs-revision 1.2)
)
(C:\Users\vacalder\AppData\Roaming\MiKTeX\2.9\tex\generic\pgf\basiclayer\pgfcor
epathprocessing.code.tex
File: pgfcorepathprocessing.code.tex 2013/09/09  (rcs-revision 1.9)
)
(C:\Users\vacalder\AppData\Roaming\MiKTeX\2.9\tex\generic\pgf\basiclayer\pgfcor
earrows.code.tex
File: pgfcorearrows.code.tex 2015/05/14  (rcs-revision 1.43)
\pgfarrowsep=\dimen190
)
(C:\Users\vacalder\AppData\Roaming\MiKTeX\2.9\tex\generic\pgf\basiclayer\pgfcor
eshade.code.tex
File: pgfcoreshade.code.tex 2013/07/15  (rcs-revision 1.15)
\pgf@max=\dimen191
\pgf@sys@shading@range@num=\count340
)
(C:\Users\vacalder\AppData\Roaming\MiKTeX\2.9\tex\generic\pgf\basiclayer\pgfcor
eimage.code.tex
File: pgfcoreimage.code.tex 2013/07/15  (rcs-revision 1.18)

(C:\Users\vacalder\AppData\Roaming\MiKTeX\2.9\tex\generic\pgf\basiclayer\pgfcor
eexternal.code.tex
File: pgfcoreexternal.code.tex 2014/07/09  (rcs-revision 1.21)
\pgfexternal@startupbox=\box39
))
(C:\Users\vacalder\AppData\Roaming\MiKTeX\2.9\tex\generic\pgf\basiclayer\pgfcor
elayers.code.tex
File: pgfcorelayers.code.tex 2013/07/18  (rcs-revision 1.7)
)
(C:\Users\vacalder\AppData\Roaming\MiKTeX\2.9\tex\generic\pgf\basiclayer\pgfcor
etransparency.code.tex
File: pgfcoretransparency.code.tex 2013/09/30  (rcs-revision 1.5)
)
(C:\Users\vacalder\AppData\Roaming\MiKTeX\2.9\tex\generic\pgf\basiclayer\pgfcor
epatterns.code.tex
File: pgfcorepatterns.code.tex 2013/11/07  (rcs-revision 1.5)
)))
(C:\Users\vacalder\AppData\Roaming\MiKTeX\2.9\tex\generic\pgf\modules\pgfmodule
shapes.code.tex
File: pgfmoduleshapes.code.tex 2014/03/21  (rcs-revision 1.35)
\pgfnodeparttextbox=\box40
)
(C:\Users\vacalder\AppData\Roaming\MiKTeX\2.9\tex\generic\pgf\modules\pgfmodule
plot.code.tex
File: pgfmoduleplot.code.tex 2015/08/03  (rcs-revision 1.13)
)
(C:\Users\vacalder\AppData\Roaming\MiKTeX\2.9\tex\latex\pgf\compatibility\pgfco
mp-version-0-65.sty
Package: pgfcomp-version-0-65 2007/07/03 v3.0.1a (rcs-revision 1.7)
\pgf@nodesepstart=\dimen192
\pgf@nodesepend=\dimen193
)
(C:\Users\vacalder\AppData\Roaming\MiKTeX\2.9\tex\latex\pgf\compatibility\pgfco
mp-version-1-18.sty
Package: pgfcomp-version-1-18 2007/07/23 v3.0.1a (rcs-revision 1.1)
))
(C:\Users\vacalder\AppData\Roaming\MiKTeX\2.9\tex\latex\pgf\utilities\pgffor.st
y
(C:\Users\vacalder\AppData\Roaming\MiKTeX\2.9\tex\latex\pgf\utilities\pgfkeys.s
ty
(C:\Users\vacalder\AppData\Roaming\MiKTeX\2.9\tex\generic\pgf\utilities\pgfkeys
.code.tex))
(C:\Users\vacalder\AppData\Roaming\MiKTeX\2.9\tex\latex\pgf\math\pgfmath.sty
(C:\Users\vacalder\AppData\Roaming\MiKTeX\2.9\tex\generic\pgf\math\pgfmath.code
.tex))
(C:\Users\vacalder\AppData\Roaming\MiKTeX\2.9\tex\generic\pgf\utilities\pgffor.
code.tex
Package: pgffor 2013/12/13 v3.0.1a (rcs-revision 1.25)

(C:\Users\vacalder\AppData\Roaming\MiKTeX\2.9\tex\generic\pgf\math\pgfmath.code
.tex)
\pgffor@iter=\dimen194
\pgffor@skip=\dimen195
\pgffor@stack=\toks41
\pgffor@toks=\toks42
))
(C:\Users\vacalder\AppData\Roaming\MiKTeX\2.9\tex\generic\pgf\frontendlayer\tik
z\tikz.code.tex
Package: tikz 2015/08/07 v3.0.1a (rcs-revision 1.151)

(C:\Users\vacalder\AppData\Roaming\MiKTeX\2.9\tex\generic\pgf\libraries\pgflibr
aryplothandlers.code.tex
File: pgflibraryplothandlers.code.tex 2013/08/31 v3.0.1a (rcs-revision 1.20)
\pgf@plot@mark@count=\count341
\pgfplotmarksize=\dimen196
)
\tikz@lastx=\dimen197
\tikz@lasty=\dimen198
\tikz@lastxsaved=\dimen199
\tikz@lastysaved=\dimen256
\tikzleveldistance=\dimen257
\tikzsiblingdistance=\dimen258
\tikz@figbox=\box41
\tikz@figbox@bg=\box42
\tikz@tempbox=\box43
\tikz@tempbox@bg=\box44
\tikztreelevel=\count342
\tikznumberofchildren=\count343
\tikznumberofcurrentchild=\count344
\tikz@fig@count=\count345

(C:\Users\vacalder\AppData\Roaming\MiKTeX\2.9\tex\generic\pgf\modules\pgfmodule
matrix.code.tex
File: pgfmodulematrix.code.tex 2013/09/17  (rcs-revision 1.8)
\pgfmatrixcurrentrow=\count346
\pgfmatrixcurrentcolumn=\count347
\pgf@matrix@numberofcolumns=\count348
)
\tikz@expandcount=\count349

(C:\Users\vacalder\AppData\Roaming\MiKTeX\2.9\tex\generic\pgf\frontendlayer\tik
z\libraries\tikzlibrarytopaths.code.tex
File: tikzlibrarytopaths.code.tex 2008/06/17 v3.0.1a (rcs-revision 1.2)
)))
Package biblatex Info: Trying to load language 'english'...
Package biblatex Info: ... file 'english.lbx' found.

(C:\Users\vacalder\AppData\Roaming\MiKTeX\2.9\tex\latex\biblatex\lbx\english.lb
x
File: english.lbx 2018/03/04 v3.11 biblatex localization (PK/MW)
)

Package biblatex Warning: Missing 'hyperref' package.
(biblatex)                Setting 'hyperref=false'.

\@quotelevel=\count350
\@quotereset=\count351
(VictorCalderon-thesis.aux (front.aux) (Chapter-1/Chapter-1.aux)
(Chapter-2/Chapter-2.aux) (Chapter-3/Chapter-3.aux) (Chapter-4/Chapter-4.aux)
(Chapter-5/Chapter-5.aux))
\openout1 = `VictorCalderon-thesis.aux'.

LaTeX Font Info:    Checking defaults for OML/cmm/m/it on input line 355.
LaTeX Font Info:    ... okay on input line 355.
LaTeX Font Info:    Checking defaults for T1/cmr/m/n on input line 355.
LaTeX Font Info:    ... okay on input line 355.
LaTeX Font Info:    Checking defaults for OT1/cmr/m/n on input line 355.
LaTeX Font Info:    ... okay on input line 355.
LaTeX Font Info:    Checking defaults for OMS/cmsy/m/n on input line 355.
LaTeX Font Info:    ... okay on input line 355.
LaTeX Font Info:    Checking defaults for OMX/cmex/m/n on input line 355.
LaTeX Font Info:    ... okay on input line 355.
LaTeX Font Info:    Checking defaults for U/cmr/m/n on input line 355.
LaTeX Font Info:    ... okay on input line 355.
LaTeX Font Info:    Checking defaults for TS1/cmr/m/n on input line 355.
LaTeX Font Info:    Try loading font information for TS1+cmr on input line 355.


("C:\Program Files\MiKTeX 2.9\tex\latex\base\ts1cmr.fd"
File: ts1cmr.fd 2014/09/29 v2.5h Standard LaTeX font definitions
)
LaTeX Font Info:    ... okay on input line 355.

(C:\Users\vacalder\AppData\Roaming\MiKTeX\2.9\tex\context\base\supp-pdf.mkii
[Loading MPS to PDF converter (version 2006.09.02).]
\scratchcounter=\count352
\scratchdimen=\dimen259
\scratchbox=\box45
\nofMPsegments=\count353
\nofMParguments=\count354
\everyMPshowfont=\toks43
\MPscratchCnt=\count355
\MPscratchDim=\dimen260
\MPnumerator=\count356
\makeMPintoPDFobject=\count357
\everyMPtoPDFconversion=\toks44
) ("C:\Program Files\MiKTeX 2.9\tex\latex\oberdiek\epstopdf-base.sty"
Package: epstopdf-base 2016/05/15 v2.6 Base part for package epstopdf

("C:\Program Files\MiKTeX 2.9\tex\latex\oberdiek\grfext.sty"
Package: grfext 2016/05/16 v1.2 Manage graphics extensions (HO)

("C:\Program Files\MiKTeX 2.9\tex\generic\oberdiek\kvdefinekeys.sty"
Package: kvdefinekeys 2016/05/16 v1.4 Define keys (HO)
))
Package epstopdf-base Info: Redefining graphics rule for `.eps' on input line 4
38.
Package grfext Info: Graphics extension search list:
(grfext)             [.pdf,.png,.jpg,.mps,.jpeg,.jbig2,.jb2,.PDF,.PNG,.JPG,.JPE
G,.JBIG2,.JB2,.eps]
(grfext)             \AppendGraphicsExtensions on input line 456.
)
*geometry* driver: auto-detecting
*geometry* detected driver: pdftex
*geometry* verbose mode - [ preamble ] result:
* driver: pdftex
* paper: <default>
* layout: <same size as paper>
* layoutoffset:(h,v)=(0.0pt,0.0pt)
* modes: includefoot 
* h-part:(L,W,R)=(90.3375pt, 451.68752pt, 72.26999pt)
* v-part:(T,H,B)=(72.26999pt, 650.43001pt, 72.26999pt)
* \paperwidth=614.295pt
* \paperheight=794.96999pt
* \textwidth=451.68752pt
* \textheight=607.59671pt
* \oddsidemargin=18.0675pt
* \evensidemargin=18.0675pt
* \topmargin=-31.8738pt
* \headheight=14.0pt
* \headsep=19.8738pt
* \topskip=11.0pt
* \footskip=42.8333pt
* \marginparwidth=62.0pt
* \marginparsep=7.0pt
* \columnsep=10.0pt
* \skip\footins=10.0pt plus 4.0pt minus 2.0pt
* \hoffset=0.0pt
* \voffset=0.0pt
* \mag=1000
* \@twocolumnfalse
* \@twosidefalse
* \@mparswitchfalse
* \@reversemarginfalse
* (1in=72.27pt=25.4mm, 1cm=28.453pt)

Package caption Info: Begin \AtBeginDocument code.
Package caption Info: subfig package v1.3 is loaded.
Package caption Info: End \AtBeginDocument code.
\c@ncsu@appendixtocdepth=\count358
Package biblatex Info: No input encoding detected.
(biblatex)             Assuming 'ascii'.
Package biblatex Info: Automatic encoding selection.
(biblatex)             Assuming data encoding 'ascii'.
Package biblatex Info: Input encoding 'ascii' specified.
Package biblatex Info: Data encoding 'ascii' specified.
(biblatex)             No need to reencode data.
\openout4 = `VictorCalderon-thesis-blx.bib'.

Package biblatex Info: Trying to load bibliographic data...
Package biblatex Info: ... file 'VictorCalderon-thesis.bbl' found.
(VictorCalderon-thesis.bbl

Package biblatex Warning: BibTeX reported the following issues
(biblatex)                with 'Enright1998':
(biblatex)                - Invalid format of field 'month'.

)
Package biblatex Info: Reference section=0 on input line 355.
Package biblatex Info: Reference segment=0 on input line 355.
Package lastpage Info: Please have a look at the pageslts package at
(lastpage)             https://www.ctan.org/pkg/pageslts
(lastpage)             ! on input line 355.
 ABD: EveryShipout initializing macros
\openout2 = `front.aux'.

 (front.tex
Overfull \hbox (7.2226pt too wide) in paragraph at lines 2--2
\OT1/cmr/m/n/10.95 CALDERON, VIC-TOR ALE-JAN-DRO. []Condition Dependent Perform
ance Based Design. (Under
 []


Underfull \hbox (badness 10000) in paragraph at lines 2--2

 []

[1





{C:/Users/vacalder/AppData/Local/MiKTeX/2.9/pdftex/config/pdftex.map}]
[1

]
LaTeX Font Info:    Try loading font information for U+msa on input line 15.
 ("C:\Program Files\MiKTeX 2.9\tex\latex\amsfonts\umsa.fd"
File: umsa.fd 2013/01/14 v3.01 AMS symbols A
)
LaTeX Font Info:    Try loading font information for U+msb on input line 15.

("C:\Program Files\MiKTeX 2.9\tex\latex\amsfonts\umsb.fd"
File: umsb.fd 2013/01/14 v3.01 AMS symbols B
) [1

]
(VictorCalderon-thesis.toc [2

])
\tf@toc=\write6
\openout6 = `VictorCalderon-thesis.toc'.

 [3] (VictorCalderon-thesis.lot)
\tf@lot=\write7
\openout7 = `VictorCalderon-thesis.lot'.

 [4

]
(VictorCalderon-thesis.lof)
\tf@lof=\write8
\openout8 = `VictorCalderon-thesis.lof'.

 [5

])
*geometry* verbose mode - [ newgeometry ] result:
* driver: pdftex
* paper: <default>
* layout: <same size as paper>
* layoutoffset:(h,v)=(0.0pt,0.0pt)
* modes: includehead includefoot 
* h-part:(L,W,R)=(90.3375pt, 451.68752pt, 72.26999pt)
* v-part:(T,H,B)=(72.26999pt, 650.43001pt, 72.26999pt)
* \paperwidth=614.295pt
* \paperheight=794.96999pt
* \textwidth=451.68752pt
* \textheight=573.72292pt
* \oddsidemargin=18.0675pt
* \evensidemargin=18.0675pt
* \topmargin=0.0pt
* \headheight=14.0pt
* \headsep=19.8738pt
* \topskip=11.0pt
* \footskip=42.8333pt
* \marginparwidth=62.0pt
* \marginparsep=7.0pt
* \columnsep=10.0pt
* \skip\footins=10.0pt plus 4.0pt minus 2.0pt
* \hoffset=0.0pt
* \voffset=0.0pt
* \mag=1000
* \@twocolumnfalse
* \@twosidefalse
* \@mparswitchfalse
* \@reversemarginfalse
* (1in=72.27pt=25.4mm, 1cm=28.453pt)

\openout2 = `Chapter-1/Chapter-1.aux'.

 (Chapter-1/Chapter-1.tex
Chapter 1.
[1






] [2]) [3]
\openout2 = `Chapter-2/Chapter-2.aux'.

 (Chapter-2/Chapter-2.tex
Chapter 2.
[4



]
<Chapter-2/figs/Park_and_Ang_Model.png, id=47, 432.71663pt x 421.87613pt>
File: Chapter-2/figs/Park_and_Ang_Model.png Graphic file (type png)
<use Chapter-2/figs/Park_and_Ang_Model.png>
Package pdftex.def Info: Chapter-2/figs/Park_and_Ang_Model.png  used on input l
ine 31.
(pdftex.def)             Requested size: 271.01526pt x 264.2384pt.
 [5 <./Chapter-2/figs/Park_and_Ang_Model.png>] [6] [7]) [8]
\openout2 = `Chapter-3/Chapter-3.aux'.


(Chapter-3/Chapter-3.tex
Chapter 3.
[9



]) [10]
\openout2 = `Chapter-4/Chapter-4.aux'.

 (Chapter-4/Chapter-4.tex
Chapter 4.
[11



]
<Chapter-4/figs/Corrosion_Process.png, id=74, 922.94812pt x 591.71063pt>
File: Chapter-4/figs/Corrosion_Process.png Graphic file (type png)
<use Chapter-4/figs/Corrosion_Process.png>
Package pdftex.def Info: Chapter-4/figs/Corrosion_Process.png  used on input li
ne 33.
(pdftex.def)             Requested size: 406.516pt x 260.61531pt.
 [12 <./Chapter-4/figs/Corrosion_Process.png>]
Underfull \hbox (badness 10000) in paragraph at lines 55--57

 []


Underfull \hbox (badness 10000) in paragraph at lines 83--85

 []

[13]

pdfTeX warning: pdflatex (file ./Chapter-4/figs/wc_icor.pdf): PDF inclusion: fo
und PDF version <1.6>, but at most version <1.5> allowed
<Chapter-4/figs/wc_icor.pdf, id=83, 502.37225pt x 327.2255pt>
File: Chapter-4/figs/wc_icor.pdf Graphic file (type pdf)
<use Chapter-4/figs/wc_icor.pdf>
Package pdftex.def Info: Chapter-4/figs/wc_icor.pdf  used on input line 160.
(pdftex.def)             Requested size: 383.93713pt x 250.09201pt.
Missing character: There is no  in font cmr10!
Missing character: There is no  in font cmr10!
Missing character: There is no  in font cmr10!
[14 <./Chapter-4/figs/wc_icor.pdf>]

pdfTeX warning: pdflatex (file ./Chapter-4/figs/DiameterDecrease.pdf): PDF incl
usion: found PDF version <1.6>, but at most version <1.5> allowed
<Chapter-4/figs/DiameterDecrease.pdf, id=101, 659.46375pt x 442.65375pt>
File: Chapter-4/figs/DiameterDecrease.pdf Graphic file (type pdf)
<use Chapter-4/figs/DiameterDecrease.pdf>
Package pdftex.def Info: Chapter-4/figs/DiameterDecrease.pdf  used on input lin
e 176.
(pdftex.def)             Requested size: 383.93713pt x 257.71872pt.


pdfTeX warning: pdflatex (file ./Chapter-4/figs/CorrosionLevel.pdf): PDF inclus
ion: found PDF version <1.6>, but at most version <1.5> allowed
<Chapter-4/figs/CorrosionLevel.pdf, id=102, 659.46375pt x 442.65375pt>
File: Chapter-4/figs/CorrosionLevel.pdf Graphic file (type pdf)
<use Chapter-4/figs/CorrosionLevel.pdf>
Package pdftex.def Info: Chapter-4/figs/CorrosionLevel.pdf  used on input line 
192.
(pdftex.def)             Requested size: 383.93713pt x 257.71872pt.
[15 <./Chapter-4/figs/DiameterDecrease.pdf, page is rotated 90 degrees>]
[16 <./Chapter-4/figs/CorrosionLevel.pdf, page is rotated 90 degrees>]
<Chapter-4/figs/Meda_Corrosion.png, id=125, 362.25337pt x 203.86162pt>
File: Chapter-4/figs/Meda_Corrosion.png Graphic file (type png)
<use Chapter-4/figs/Meda_Corrosion.png>
Package pdftex.def Info: Chapter-4/figs/Meda_Corrosion.png  used on input line 
224.
(pdftex.def)             Requested size: 316.17987pt x 177.93362pt.
<Chapter-4/figs/Meda_F-D_01.png, id=126, 372.79276pt x 238.18988pt>
File: Chapter-4/figs/Meda_F-D_01.png Graphic file (type png)
<use Chapter-4/figs/Meda_F-D_01.png>
Package pdftex.def Info: Chapter-4/figs/Meda_F-D_01.png  used on input line 233
.
(pdftex.def)             Requested size: 316.17987pt x 202.02257pt.
<Chapter-4/figs/Meda_StressStrain.png, id=127, 256.5585pt x 168.63pt>
File: Chapter-4/figs/Meda_StressStrain.png Graphic file (type png)
<use Chapter-4/figs/Meda_StressStrain.png>
Package pdftex.def Info: Chapter-4/figs/Meda_StressStrain.png  used on input li
ne 242.
(pdftex.def)             Requested size: 316.17987pt x 207.83821pt.
 [17 <./Chapter-4/figs/Meda_Corrosion.png>] [18 <./Chapter-4/figs/Meda_F-D_01.p
ng> <./Chapter-4/figs/Meda_StressStrain.png>] [19]

pdfTeX warning: pdflatex (file ./Chapter-4/figs/AnodicPolarization_01.pdf): PDF
 inclusion: found PDF version <1.6>, but at most version <1.5> allowed
<Chapter-4/figs/AnodicPolarization_01.pdf, id=138, 1226.83344pt x 345.48676pt>
File: Chapter-4/figs/AnodicPolarization_01.pdf Graphic file (type pdf)
<use Chapter-4/figs/AnodicPolarization_01.pdf>
Package pdftex.def Info: Chapter-4/figs/AnodicPolarization_01.pdf  used on inpu
t line 277.
(pdftex.def)             Requested size: 451.68752pt x 127.20076pt.


pdfTeX warning: pdflatex (file ./Chapter-4/figs/RebarSamples.pdf): PDF inclusio
n: found PDF version <1.6>, but at most version <1.5> allowed
<Chapter-4/figs/RebarSamples.pdf, id=139, 1194.21683pt x 226.50522pt>
File: Chapter-4/figs/RebarSamples.pdf Graphic file (type pdf)
<use Chapter-4/figs/RebarSamples.pdf>
Package pdftex.def Info: Chapter-4/figs/RebarSamples.pdf  used on input line 28
4.
(pdftex.def)             Requested size: 406.516pt x 77.10406pt.


pdfTeX warning: pdflatex (file ./Chapter-4/figs/Rebar_Ends.pdf): PDF inclusion:
 found PDF version <1.6>, but at most version <1.5> allowed
<Chapter-4/figs/Rebar_Ends.pdf, id=140, 749.81871pt x 369.12003pt>
File: Chapter-4/figs/Rebar_Ends.pdf Graphic file (type pdf)
<use Chapter-4/figs/Rebar_Ends.pdf>
Package pdftex.def Info: Chapter-4/figs/Rebar_Ends.pdf  used on input line 291.

(pdftex.def)             Requested size: 406.516pt x 200.11598pt.


pdfTeX warning: pdflatex (file ./Chapter-4/figs/AcceleratedCorrosionProcedure.p
df): PDF inclusion: found PDF version <1.6>, but at most version <1.5> allowed
<Chapter-4/figs/AcceleratedCorrosionProcedure.pdf, id=141, 1228.59pt x 794.97pt
>
File: Chapter-4/figs/AcceleratedCorrosionProcedure.pdf Graphic file (type pdf)
<use Chapter-4/figs/AcceleratedCorrosionProcedure.pdf>
Package pdftex.def Info: Chapter-4/figs/AcceleratedCorrosionProcedure.pdf  used
 on input line 308.
(pdftex.def)             Requested size: 406.516pt x 263.04446pt.
[20 <./Chapter-4/figs/AnodicPolarization_01.pdf> <./Chapter-4/figs/RebarSamples
.pdf>] [21 <./Chapter-4/figs/Rebar_Ends.pdf> <./Chapter-4/figs/AcceleratedCorro
sionProcedure.pdf>]
Underfull \hbox (badness 10000) in paragraph at lines 333--335

 []

<Chapter-4/figs/BBT_Sequence.png, id=195, 446.41782pt x 248.42813pt>
File: Chapter-4/figs/BBT_Sequence.png Graphic file (type png)
<use Chapter-4/figs/BBT_Sequence.png>
Package pdftex.def Info: Chapter-4/figs/BBT_Sequence.png  used on input line 35
2.
(pdftex.def)             Requested size: 316.17987pt x 175.95306pt.

LaTeX Warning: No positions in optional float specifier.
               Default added (so using `tbp') on input line 361.

[22] [23 <./Chapter-4/figs/BBT_Sequence.png>]
<Chapter-4/figs/Corrosion_Modeling.pdf, id=203, 316.00058pt x 204.99084pt>
File: Chapter-4/figs/Corrosion_Modeling.pdf Graphic file (type pdf)
<use Chapter-4/figs/Corrosion_Modeling.pdf>
Package pdftex.def Info: Chapter-4/figs/Corrosion_Modeling.pdf  used on input l
ine 399.
(pdftex.def)             Requested size: 316.17987pt x 205.12483pt.

Overfull \hbox (0.48433pt too wide) in paragraph at lines 404--405
[]\OT1/cmr/m/n/10.95 This is later in-cor-po-rated into the non-lin-ear struc-t
ural anal-y-sis frame-work us-ing OpenSeesPy
 []

[24 <./Chapter-4/figs/Corrosion_Modeling.pdf, page is rotated 90 degrees>]
[25]

pdfTeX warning: pdflatex (file ./Chapter-4/figs/StrainAging_TimeDependent.pdf):
 PDF inclusion: found PDF version <1.6>, but at most version <1.5> allowed
<Chapter-4/figs/StrainAging_TimeDependent.pdf, id=221, 659.46375pt x 442.65375p
t>
File: Chapter-4/figs/StrainAging_TimeDependent.pdf Graphic file (type pdf)
<use Chapter-4/figs/StrainAging_TimeDependent.pdf>
Package pdftex.def Info: Chapter-4/figs/StrainAging_TimeDependent.pdf  used on 
input line 426.
(pdftex.def)             Requested size: 316.17987pt x 212.23497pt.
[26 <./Chapter-4/figs/StrainAging_TimeDependent.pdf, page is rotated 90 degrees
>] [27]
<Chapter-4/figs/MainShock_Selection.png, id=237, 389.20406pt x 361.35pt>
File: Chapter-4/figs/MainShock_Selection.png Graphic file (type png)
<use Chapter-4/figs/MainShock_Selection.png>
Package pdftex.def Info: Chapter-4/figs/MainShock_Selection.png  used on input 
line 488.
(pdftex.def)             Requested size: 271.01526pt x 251.62549pt.
 [28 <./Chapter-4/figs/MainShock_Selection.png>]) [29]
\openout2 = `Chapter-5/Chapter-5.aux'.


(Chapter-5/Chapter-5.tex
Chapter 5.
[30



]

pdfTeX warning: pdflatex (file ./Chapter-5/figs/StructuralModel_01.pdf): PDF in
clusion: found PDF version <1.6>, but at most version <1.5> allowed
<Chapter-5/figs/StructuralModel_01.pdf, id=248, 776.9025pt x 532.99126pt>
File: Chapter-5/figs/StructuralModel_01.pdf Graphic file (type pdf)
<use Chapter-5/figs/StructuralModel_01.pdf>
Package pdftex.def Info: Chapter-5/figs/StructuralModel_01.pdf  used on input l
ine 32.
(pdftex.def)             Requested size: 338.76563pt x 232.41049pt.
<Chapter-5/figs/fbc_PlasticHinge.png, id=249, 1346.78156pt x 472.01344pt>
File: Chapter-5/figs/fbc_PlasticHinge.png Graphic file (type png)
<use Chapter-5/figs/fbc_PlasticHinge.png>
Package pdftex.def Info: Chapter-5/figs/fbc_PlasticHinge.png  used on input lin
e 39.
(pdftex.def)             Requested size: 406.516pt x 142.4766pt.
[31 <./Chapter-5/figs/StructuralModel_01.pdf, page is rotated 270 degrees>]

pdfTeX warning: pdflatex (file ./Chapter-5/figs/StructuralModel_Section.pdf): P
DF inclusion: found PDF version <1.6>, but at most version <1.5> allowed
<Chapter-5/figs/StructuralModel_Section.pdf, id=255, 792.92636pt x 382.74092pt>

File: Chapter-5/figs/StructuralModel_Section.pdf Graphic file (type pdf)
<use Chapter-5/figs/StructuralModel_Section.pdf>
Package pdftex.def Info: Chapter-5/figs/StructuralModel_Section.pdf  used on in
put line 48.
(pdftex.def)             Requested size: 316.17987pt x 152.62059pt.
[32 <./Chapter-5/figs/fbc_PlasticHinge.png> <./Chapter-5/figs/StructuralModel_S
ection.pdf, page is rotated 180 degrees>] [33]
Overfull \hbox (1.17108pt too wide) in paragraph at lines 92--98
 [][] 
 []

[34]

pdfTeX warning: pdflatex (file ./Chapter-5/figs/Model_Calibration_Goodnight2016
.pdf): PDF inclusion: found PDF version <1.6>, but at most version <1.5> allowe
d
<Chapter-5/figs/Model_Calibration_Goodnight2016.pdf, id=323, 668.4975pt x 419.1
66pt>
File: Chapter-5/figs/Model_Calibration_Goodnight2016.pdf Graphic file (type pdf
)
<use Chapter-5/figs/Model_Calibration_Goodnight2016.pdf>
Package pdftex.def Info: Chapter-5/figs/Model_Calibration_Goodnight2016.pdf  us
ed on input line 119.
(pdftex.def)             Requested size: 316.17987pt x 198.25525pt.
[35 <./Chapter-5/figs/Model_Calibration_Goodnight2016.pdf, page is rotated 90 d
egrees>]

pdfTeX warning: pdflatex (file ./Chapter-5/figs/Model_Calibration_Ma2012.pdf): 
PDF inclusion: found PDF version <1.6>, but at most version <1.5> allowed
<Chapter-5/figs/Model_Calibration_Ma2012.pdf, id=335, 478.78876pt x 361.35pt>
File: Chapter-5/figs/Model_Calibration_Ma2012.pdf Graphic file (type pdf)
<use Chapter-5/figs/Model_Calibration_Ma2012.pdf>
Package pdftex.def Info: Chapter-5/figs/Model_Calibration_Ma2012.pdf  used on i
nput line 140.
(pdftex.def)             Requested size: 316.17987pt x 238.62407pt.
<Chapter-5/figs/MaEtAl_StrainHisteresis.png, id=336, 962.6364pt x 594.0594pt>
File: Chapter-5/figs/MaEtAl_StrainHisteresis.png Graphic file (type png)
<use Chapter-5/figs/MaEtAl_StrainHisteresis.png>
Package pdftex.def Info: Chapter-5/figs/MaEtAl_StrainHisteresis.png  used on in
put line 146.
(pdftex.def)             Requested size: 406.516pt x 250.86293pt.
[36] [37 <./Chapter-5/figs/Model_Calibration_Ma2012.pdf, page is rotated 90 deg
rees> <./Chapter-5/figs/MaEtAl_StrainHisteresis.png>] [38]
<Chapter-5/figs/ForceDisplacement_01.png, id=353, 656.15138pt x 509.20238pt>
File: Chapter-5/figs/ForceDisplacement_01.png Graphic file (type png)
<use Chapter-5/figs/ForceDisplacement_01.png>
Package pdftex.def Info: Chapter-5/figs/ForceDisplacement_01.png  used on input
 line 205.
(pdftex.def)             Requested size: 293.59412pt x 227.84917pt.
<Chapter-5/figs/Steel_StressStrain.png, id=354, 612.78937pt x 481.49887pt>
File: Chapter-5/figs/Steel_StressStrain.png Graphic file (type png)
<use Chapter-5/figs/Steel_StressStrain.png>
Package pdftex.def Info: Chapter-5/figs/Steel_StressStrain.png  used on input l
ine 211.
(pdftex.def)             Requested size: 293.59412pt x 230.69069pt.
 [39 <./Chapter-5/figs/ForceDisplacement_01.png>]

pdfTeX warning: pdflatex (file ./Chapter-5/figs/CDF_PGA.pdf): PDF inclusion: fo
und PDF version <1.6>, but at most version <1.5> allowed
<Chapter-5/figs/CDF_PGA.pdf, id=359, 659.46375pt x 388.45125pt>
File: Chapter-5/figs/CDF_PGA.pdf Graphic file (type pdf)
<use Chapter-5/figs/CDF_PGA.pdf>
Package pdftex.def Info: Chapter-5/figs/CDF_PGA.pdf  used on input line 222.
(pdftex.def)             Requested size: 361.35138pt x 212.85458pt.


pdfTeX warning: pdflatex (file ./Chapter-5/figs/CDF_SdT1.pdf): PDF inclusion: f
ound PDF version <1.6>, but at most version <1.5> allowed
<Chapter-5/figs/CDF_SdT1.pdf, id=360, 659.46375pt x 388.45125pt>
File: Chapter-5/figs/CDF_SdT1.pdf Graphic file (type pdf)
<use Chapter-5/figs/CDF_SdT1.pdf>
Package pdftex.def Info: Chapter-5/figs/CDF_SdT1.pdf  used on input line 228.
(pdftex.def)             Requested size: 361.35138pt x 212.85458pt.
[40 <./Chapter-5/figs/Steel_StressStrain.png>] [41 <./Chapter-5/figs/CDF_PGA.pd
f, page is rotated 90 degrees> <./Chapter-5/figs/CDF_SdT1.pdf, page is rotated 
90 degrees>]) [42] [43


] [44] [45] [46] [47] 
AED: lastpage setting LastPage
(VictorCalderon-thesis.aux (front.aux) (Chapter-1/Chapter-1.aux)
(Chapter-2/Chapter-2.aux) (Chapter-3/Chapter-3.aux) (Chapter-4/Chapter-4.aux)
(Chapter-5/Chapter-5.aux))
Package logreq Info: Writing requests to 'VictorCalderon-thesis.run.xml'.
\openout1 = `VictorCalderon-thesis.run.xml'.

 ) 
Here is how much of TeX's memory you used:
 24279 strings out of 493303
 459106 string characters out of 3138847
 855769 words of memory out of 3000000
 27238 multiletter control sequences out of 15000+200000
 19158 words of font info for 70 fonts, out of 3000000 for 9000
 1141 hyphenation exceptions out of 8191
 55i,11n,59p,2450b,1592s stack positions out of 5000i,500n,10000p,200000b,50000s
 <C:\Users\vacalder\AppData\Local\MiKTeX\2.9\fonts\pk\ljfour\jknappen\ec\dpi6
00\tcrm1095.pk><C:/Program Files/MiKTeX 2.9/fonts/type1/public/amsfonts/cm/cmbx
10.pfb><C:/Program Files/MiKTeX 2.9/fonts/type1/public/amsfonts/cm/cmbx12.pfb><
C:/Program Files/MiKTeX 2.9/fonts/type1/public/amsfonts/cm/cmex10.pfb><C:/Progr
am Files/MiKTeX 2.9/fonts/type1/public/amsfonts/cm/cmmi10.pfb><C:/Program Files
/MiKTeX 2.9/fonts/type1/public/amsfonts/cm/cmmi6.pfb><C:/Program Files/MiKTeX 2
.9/fonts/type1/public/amsfonts/cm/cmmi8.pfb><C:/Program Files/MiKTeX 2.9/fonts/
type1/public/amsfonts/cm/cmr10.pfb><C:/Program Files/MiKTeX 2.9/fonts/type1/pub
lic/amsfonts/cm/cmr6.pfb><C:/Program Files/MiKTeX 2.9/fonts/type1/public/amsfon
ts/cm/cmr7.pfb><C:/Program Files/MiKTeX 2.9/fonts/type1/public/amsfonts/cm/cmr8
.pfb><C:/Program Files/MiKTeX 2.9/fonts/type1/public/amsfonts/cm/cmsl10.pfb><C:
/Program Files/MiKTeX 2.9/fonts/type1/public/amsfonts/cm/cmsy10.pfb><C:/Program
 Files/MiKTeX 2.9/fonts/type1/public/amsfonts/cm/cmsy8.pfb><C:/Program Files/Mi
KTeX 2.9/fonts/type1/public/amsfonts/cm/cmtt10.pfb><C:/Program Files/MiKTeX 2.9
/fonts/type1/public/amsfonts/symbols/msam10.pfb>
Output written on VictorCalderon-thesis.pdf (54 pages, 3910167 bytes).
PDF statistics:
 460 PDF objects out of 1000 (max. 8388607)
 0 named destinations out of 1000 (max. 500000)
 143 words of extra memory for PDF output out of 10000 (max. 10000000)

